2025-07-20 11:05:02,846 - INFO - Logging module initialized.
2025-07-20 11:05:06,987 - INFO - Game loop exited.
2025-07-20 11:09:08,505 - INFO - Logging module initialized.
2025-07-20 11:09:17,678 - INFO - Game loop exited.
2025-07-20 11:13:31,837 - INFO - Logging module initialized.
2025-07-20 11:13:33,741 - INFO - Game loop exited.
2025-07-20 11:15:20,440 - INFO - Logging module initialized.
2025-07-20 11:15:20,688 - ERROR - Error in game loop: DummyRendering.render() missing 2 required positional arguments: 'camera_x' and 'camera_y'
2025-07-20 11:15:20,689 - INFO - Game loop exited.
2025-07-20 11:18:51,813 - INFO - Logging module initialized.
2025-07-20 11:18:55,928 - INFO - Game loop exited.
2025-07-20 11:19:13,434 - INFO - Logging module initialized.
2025-07-20 11:19:16,592 - INFO - Game loop exited.
2025-07-20 11:19:34,889 - INFO - Logging module initialized.
2025-07-20 11:19:36,084 - INFO - Game loop exited.
2025-07-20 11:19:43,682 - INFO - Logging module initialized.
2025-07-20 11:19:45,243 - INFO - Game loop exited.
2025-07-20 11:35:29,648 - INFO - Logging module initialized.
2025-07-20 11:35:31,900 - INFO - Game loop exited.
2025-07-20 12:37:45,893 - INFO - Logging module initialized.
2025-07-20 12:37:45,925 - ERROR - Error in game loop: Renderer.render() missing 2 required positional arguments: 'camera_x' and 'camera_y'
2025-07-20 12:37:45,926 - INFO - Game loop exited.
2025-07-20 12:46:12,780 - INFO - Logging module initialized.
2025-07-20 12:46:37,532 - INFO - Logging module initialized.
2025-07-20 13:01:56,128 - INFO - Logging module initialized.
2025-07-20 13:01:56,165 - ERROR - Error in game loop: DummyRendering.render() takes 3 positional arguments but 5 were given
2025-07-20 13:01:56,165 - INFO - Game loop exited.
2025-07-20 13:02:20,404 - INFO - Logging module initialized.
2025-07-20 13:02:20,438 - ERROR - Error in game loop: DummyRendering.render() takes 3 positional arguments but 5 were given
2025-07-20 13:02:20,439 - INFO - Game loop exited.
2025-07-20 14:27:09,968 - INFO - Logging module initialized.
2025-07-20 14:27:10,025 - ERROR - Error in game loop: DummyRendering.render() takes 3 positional arguments but 5 were given
2025-07-20 14:27:10,025 - INFO - Game loop exited.
2025-07-20 14:30:30,986 - INFO - Logging module initialized.
2025-07-20 14:30:35,448 - INFO - Game loop exited.
